C:\Program Files (x86)\Microsoft Visual Studio\2019\Community\MSBuild\Microsoft\VC\v160\Microsoft.CppBuild.targets(513,5): warning MSB8028: The intermediate directory (Debug\) contains files shared from another project (05-SceneManager.vcxproj).  This can lead to incorrect clean and rebuild behavior.
  Brick.cpp
  Coin.cpp
  Collision.cpp
  Game.cpp
  GameObject.cpp
  Goomba.cpp
  HollowPlatform.cpp
  HollowPlatformBBox.cpp
  Koopas.cpp
  Mario.cpp
  Platform.cpp
  PlayScene.cpp
C:\Users\Admin\Desktop\Test\SuperMarioBros3\SuperMarioBros3\PlayScene.cpp(83,20): warning C4018: '<': signed/unsigned mismatch
C:\Users\Admin\Desktop\Test\SuperMarioBros3\SuperMarioBros3\PlayScene.cpp(344,20): warning C4018: '<': signed/unsigned mismatch
C:\Users\Admin\Desktop\Test\SuperMarioBros3\SuperMarioBros3\PlayScene.cpp(369,20): warning C4018: '<': signed/unsigned mismatch
  Portal.cpp
  SampleKeyEventHandler.cpp
  VerticalPlatform.cpp
  main.cpp
  Generating Code...
  05-SceneManager.vcxproj -> C:\Users\Admin\Desktop\Test\SuperMarioBros3\Debug\SuperMarioBros3.exe
